android/app/build/outputs/logs/manifest-merger-release-report.txt
-- Merging decision tree log ---
manifest
ADDED from src\main\AndroidManifest.xml:1:1-27:12
INJECTED from src\main\AndroidManifest.xml:1:1-27:12
INJECTED from src\main\AndroidManifest.xml:1:1-27:12
INJECTED from src\main\AndroidManifest.xml:1:1-27:12
MERGED from [:react-native-image-picker] AndroidManifest.xml:2:1-23:12
MERGED from [:react-native-vector-icons] AndroidManifest.xml:2:1-11:12
MERGED from [com.facebook.react:react-native:0.55.4] AndroidManifest.xml:2:1-15:12
MERGED from [com.android.support:appcompat-v7:28.0.0] AndroidManifest.xml:17:1-22:12
MERGED from [:react-native-video] AndroidManifest.xml:2:1-11:12
MERGED from [com.google.android.exoplayer:extension-okhttp:2.7.3] AndroidManifest.xml:17:1-24:12
MERGED from [com.google.android.exoplayer:exoplayer:2.7.3] AndroidManifest.xml:17:1-24:12
MERGED from [com.google.android.exoplayer:exoplayer-dash:2.7.3] AndroidManifest.xml:17:1-24:12
MERGED from [com.google.android.exoplayer:exoplayer-hls:2.7.3] AndroidManifest.xml:17:1-24:12
MERGED from [com.google.android.exoplayer:exoplayer-smoothstreaming:2.7.3] AndroidManifest.xml:17:1-24:12
MERGED from [com.google.android.exoplayer:exoplayer-ui:2.7.3] AndroidManifest.xml:17:1-24:12
MERGED from [com.google.android.exoplayer:exoplayer-core:2.7.3] AndroidManifest.xml:17:1-24:12
MERGED from [com.android.support:support-fragment:28.0.0] AndroidManifest.xml:17:1-22:12
MERGED from [com.android.support:animated-vector-drawable:28.0.0] AndroidManifest.xml:17:1-22:12
MERGED from [com.android.support:support-core-ui:28.0.0] AndroidManifest.xml:17:1-22:12
MERGED from [com.android.support:support-core-utils:28.0.0] AndroidManifest.xml:17:1-22:12
MERGED from [com.android.support:support-vector-drawable:28.0.0] AndroidManifest.xml:17:1-22:12
MERGED from [com.android.support:loader:28.0.0] AndroidManifest.xml:17:1-22:12
MERGED from [com.android.support:viewpager:28.0.0] AndroidManifest.xml:17:1-22:12
MERGED from [com.android.support:coordinatorlayout:28.0.0] AndroidManifest.xml:17:1-22:12
MERGED from [com.android.support:drawerlayout:28.0.0] AndroidManifest.xml:17:1-22:12
MERGED from [com.android.support:slidingpanelayout:28.0.0] AndroidManifest.xml:17:1-22:12
MERGED from [com.android.support:customview:28.0.0] AndroidManifest.xml:17:1-22:12
MERGED from [com.android.support:swiperefreshlayout:28.0.0] AndroidManifest.xml:17:1-22:12
MERGED from [com.android.support:asynclayoutinflater:28.0.0] AndroidManifest.xml:17:1-22:12
MERGED from [com.android.support:support-compat:28.0.0] AndroidManifest.xml:17:1-24:12
MERGED from [com.android.support:versionedparcelable:28.0.0] AndroidManifest.xml:17:1-25:12
MERGED from [com.android.support:cursoradapter:28.0.0] AndroidManifest.xml:17:1-22:12
MERGED from [android.arch.lifecycle:runtime:1.1.1] AndroidManifest.xml:17:1-22:12
MERGED from [com.android.support:documentfile:28.0.0] AndroidManifest.xml:17:1-22:12
MERGED from [com.android.support:localbroadcastmanager:28.0.0] AndroidManifest.xml:17:1-22:12
MERGED from [com.android.support:print:28.0.0] AndroidManifest.xml:17:1-22:12
MERGED from [android.arch.lifecycle:viewmodel:1.1.1] AndroidManifest.xml:17:1-22:12
MERGED from [android.arch.lifecycle:livedata:1.1.1] AndroidManifest.xml:17:1-22:12
MERGED from [android.arch.lifecycle:livedata-core:1.1.1] AndroidManifest.xml:17:1-22:12
MERGED from [android.arch.core:runtime:1.1.1] AndroidManifest.xml:17:1-22:12
MERGED from [com.android.support:interpolator:28.0.0] AndroidManifest.xml:17:1-22:12
MERGED from [com.facebook.fresco:imagepipeline-okhttp3:1.3.0] AndroidManifest.xml:2:1-9:12
MERGED from [com.facebook.fbui.textlayoutbuilder:textlayoutbuilder:1.0.0] AndroidManifest.xml:10:1-18:12
MERGED from [com.facebook.fresco:fresco:1.3.0] AndroidManifest.xml:2:1-9:12
MERGED from [com.facebook.soloader:soloader:0.1.0] AndroidManifest.xml:1:1-4:12
MERGED from [org.webkit:android-jsc:r174650] AndroidManifest.xml:1:1-3:12
MERGED from [com.facebook.fresco:drawee:1.3.0] AndroidManifest.xml:2:1-9:12
MERGED from [com.facebook.fresco:imagepipeline:1.3.0] AndroidManifest.xml:2:1-9:12
MERGED from [com.facebook.fresco:imagepipeline-base:1.3.0] AndroidManifest.xml:2:1-9:12
MERGED from [com.facebook.fresco:fbcore:1.3.0] AndroidManifest.xml:2:1-9:12
INJECTED from src\main\AndroidManifest.xml:1:1-27:12
INJECTED from src\main\AndroidManifest.xml:1:1-27:12
INJECTED from src\main\AndroidManifest.xml:1:1-27:12
	package
		ADDED from src\main\AndroidManifest.xml:2:5-28
		INJECTED from src\main\AndroidManifest.xml
		INJECTED from src\main\AndroidManifest.xml
	android:versionName
		INJECTED from src\main\AndroidManifest.xml
		ADDED from src\main\AndroidManifest.xml:1:1-27:12
		INJECTED from src\main\AndroidManifest.xml
	android:versionCode
		INJECTED from src\main\AndroidManifest.xml
		ADDED from src\main\AndroidManifest.xml:1:1-27:12
		INJECTED from src\main\AndroidManifest.xml
	xmlns:android
		ADDED from src\main\AndroidManifest.xml:1:11-69
uses-permission#android.permission.INTERNET
ADDED from src\main\AndroidManifest.xml:4:5-67
	android:name
		ADDED from src\main\AndroidManifest.xml:4:22-64
uses-permission#android.permission.SYSTEM_ALERT_WINDOW
ADDED from src\main\AndroidManifest.xml:5:5-77
MERGED from [com.facebook.react:react-native:0.55.4] AndroidManifest.xml:11:5-78
MERGED from [com.facebook.react:react-native:0.55.4] AndroidManifest.xml:11:5-78
	android:name
		ADDED from src\main\AndroidManifest.xml:5:22-75
uses-permission#android.permission.CAMERA
ADDED from src\main\AndroidManifest.xml:6:1-61
	android:name
		ADDED from src\main\AndroidManifest.xml:6:18-58
uses-permission#android.permission.WRITE_EXTERNAL_STORAGE
ADDED from src\main\AndroidManifest.xml:7:1-76
	android:name
		ADDED from src\main\AndroidManifest.xml:7:18-74
application
ADDED from src\main\AndroidManifest.xml:8:5-25:19
MERGED from [:react-native-image-picker] AndroidManifest.xml:11:5-21:19
MERGED from [:react-native-image-picker] AndroidManifest.xml:11:5-21:19
MERGED from [com.facebook.react:react-native:0.55.4] AndroidManifest.xml:13:5-20
MERGED from [com.facebook.react:react-native:0.55.4] AndroidManifest.xml:13:5-20
MERGED from [com.android.support:support-compat:28.0.0] AndroidManifest.xml:22:5-94
MERGED from [com.android.support:support-compat:28.0.0] AndroidManifest.xml:22:5-94
MERGED from [com.android.support:versionedparcelable:28.0.0] AndroidManifest.xml:22:5-23:19
MERGED from [com.android.support:versionedparcelable:28.0.0] AndroidManifest.xml:22:5-23:19
MERGED from [com.facebook.soloader:soloader:0.1.0] AndroidManifest.xml:3:3-17
MERGED from [com.facebook.soloader:soloader:0.1.0] AndroidManifest.xml:3:3-17
MERGED from [org.webkit:android-jsc:r174650] AndroidManifest.xml:2:3-17
MERGED from [org.webkit:android-jsc:r174650] AndroidManifest.xml:2:3-17
	android:appComponentFactory
		ADDED from [com.android.support:support-compat:28.0.0] AndroidManifest.xml:22:18-91
	android:label
		ADDED from src\main\AndroidManifest.xml:10:7-39
	android:icon
		ADDED from src\main\AndroidManifest.xml:11:7-41
	android:allowBackup
		ADDED from src\main\AndroidManifest.xml:12:7-34
	android:theme
		ADDED from src\main\AndroidManifest.xml:13:7-38
	android:name
		ADDED from src\main\AndroidManifest.xml:9:7-38
activity#com.missdubai.MainActivity
ADDED from src\main\AndroidManifest.xml:14:7-23:18
	android:label
		ADDED from src\main\AndroidManifest.xml:16:9-41
	android:windowSoftInputMode
		ADDED from src\main\AndroidManifest.xml:18:9-51
	android:configChanges
		ADDED from src\main\AndroidManifest.xml:17:9-79
	android:name
		ADDED from src\main\AndroidManifest.xml:15:9-37
intent-filter#action:name:android.intent.action.MAIN+category:name:android.intent.category.LAUNCHER
ADDED from src\main\AndroidManifest.xml:19:9-22:25
action#android.intent.action.MAIN
ADDED from src\main\AndroidManifest.xml:20:13-65
	android:name
		ADDED from src\main\AndroidManifest.xml:20:21-62
category#android.intent.category.LAUNCHER
ADDED from src\main\AndroidManifest.xml:21:13-73
	android:name
		ADDED from src\main\AndroidManifest.xml:21:23-70
activity#com.facebook.react.devsupport.DevSettingsActivity
ADDED from src\main\AndroidManifest.xml:24:7-84
	android:name
		ADDED from src\main\AndroidManifest.xml:24:17-81
uses-sdk
INJECTED from src\main\AndroidManifest.xml reason: use-sdk injection requested
INJECTED from src\main\AndroidManifest.xml
INJECTED from src\main\AndroidManifest.xml
MERGED from [:react-native-image-picker] AndroidManifest.xml:7:5-9:41
MERGED from [:react-native-image-picker] AndroidManifest.xml:7:5-9:41
MERGED from [:react-native-vector-icons] AndroidManifest.xml:7:5-9:41
MERGED from [:react-native-vector-icons] AndroidManifest.xml:7:5-9:41
MERGED from [com.facebook.react:react-native:0.55.4] AndroidManifest.xml:7:5-9:41
MERGED from [com.facebook.react:react-native:0.55.4] AndroidManifest.xml:7:5-9:41
MERGED from [com.android.support:appcompat-v7:28.0.0] AndroidManifest.xml:20:5-44
MERGED from [com.android.support:appcompat-v7:28.0.0] AndroidManifest.xml:20:5-44
MERGED from [:react-native-video] AndroidManifest.xml:7:5-9:41
MERGED from [:react-native-video] AndroidManifest.xml:7:5-9:41
MERGED from [com.google.android.exoplayer:extension-okhttp:2.7.3] AndroidManifest.xml:20:5-22:41
MERGED from [com.google.android.exoplayer:extension-okhttp:2.7.3] AndroidManifest.xml:20:5-22:41
MERGED from [com.google.android.exoplayer:exoplayer:2.7.3] AndroidManifest.xml:20:5-22:41
MERGED from [com.google.android.exoplayer:exoplayer:2.7.3] AndroidManifest.xml:20:5-22:41
MERGED from [com.google.android.exoplayer:exoplayer-dash:2.7.3] AndroidManifest.xml:20:5-22:41
MERGED from [com.google.android.exoplayer:exoplayer-dash:2.7.3] AndroidManifest.xml:20:5-22:41
MERGED from [com.google.android.exoplayer:exoplayer-hls:2.7.3] AndroidManifest.xml:20:5-22:41
MERGED from [com.google.android.exoplayer:exoplayer-hls:2.7.3] AndroidManifest.xml:20:5-22:41
MERGED from [com.google.android.exoplayer:exoplayer-smoothstreaming:2.7.3] AndroidManifest.xml:20:5-22:41
MERGED from [com.google.android.exoplayer:exoplayer-smoothstreaming:2.7.3] AndroidManifest.xml:20:5-22:41
MERGED from [com.google.android.exoplayer:exoplayer-ui:2.7.3] AndroidManifest.xml:20:5-22:41
MERGED from [com.google.android.exoplayer:exoplayer-ui:2.7.3] AndroidManifest.xml:20:5-22:41
MERGED from [com.google.android.exoplayer:exoplayer-core:2.7.3] AndroidManifest.xml:20:5-22:41
MERGED from [com.google.android.exoplayer:exoplayer-core:2.7.3] AndroidManifest.xml:20:5-22:41
MERGED from [com.android.support:support-fragment:28.0.0] AndroidManifest.xml:20:5-44
MERGED from [com.android.support:support-fragment:28.0.0] AndroidManifest.xml:20:5-44
MERGED from [com.android.support:animated-vector-drawable:28.0.0] AndroidManifest.xml:20:5-44
MERGED from [com.android.support:animated-vector-drawable:28.0.0] AndroidManifest.xml:20:5-44
MERGED from [com.android.support:support-core-ui:28.0.0] AndroidManifest.xml:20:5-44
MERGED from [com.android.support:support-core-ui:28.0.0] AndroidManifest.xml:20:5-44
MERGED from [com.android.support:support-core-utils:28.0.0] AndroidManifest.xml:20:5-44
MERGED from [com.android.support:support-core-utils:28.0.0] AndroidManifest.xml:20:5-44
MERGED from [com.android.support:support-vector-drawable:28.0.0] AndroidManifest.xml:20:5-44
MERGED from [com.android.support:support-vector-drawable:28.0.0] AndroidManifest.xml:20:5-44
MERGED from [com.android.support:loader:28.0.0] AndroidManifest.xml:20:5-44
MERGED from [com.android.support:loader:28.0.0] AndroidManifest.xml:20:5-44
MERGED from [com.android.support:viewpager:28.0.0] AndroidManifest.xml:20:5-44
MERGED from [com.android.support:viewpager:28.0.0] AndroidManifest.xml:20:5-44
MERGED from [com.android.support:coordinatorlayout:28.0.0] AndroidManifest.xml:20:5-44
MERGED from [com.android.support:coordinatorlayout:28.0.0] AndroidManifest.xml:20:5-44
MERGED from [com.android.support:drawerlayout:28.0.0] AndroidManifest.xml:20:5-44
MERGED from [com.android.support:drawerlayout:28.0.0] AndroidManifest.xml:20:5-44
MERGED from [com.android.support:slidingpanelayout:28.0.0] AndroidManifest.xml:20:5-44
MERGED from [com.android.support:slidingpanelayout:28.0.0] AndroidManifest.xml:20:5-44
MERGED from [com.android.support:customview:28.0.0] AndroidManifest.xml:20:5-44
MERGED from [com.android.support:customview:28.0.0] AndroidManifest.xml:20:5-44
MERGED from [com.android.support:swiperefreshlayout:28.0.0] AndroidManifest.xml:20:5-44
MERGED from [com.android.support:swiperefreshlayout:28.0.0] AndroidManifest.xml:20:5-44
MERGED from [com.android.support:asynclayoutinflater:28.0.0] AndroidManifest.xml:20:5-44
MERGED from [com.android.support:asynclayoutinflater:28.0.0] AndroidManifest.xml:20:5-44
MERGED from [com.android.support:support-compat:28.0.0] AndroidManifest.xml:20:5-44
MERGED from [com.android.support:support-compat:28.0.0] AndroidManifest.xml:20:5-44
MERGED from [com.android.support:versionedparcelable:28.0.0] AndroidManifest.xml:20:5-44
MERGED from [com.android.support:versionedparcelable:28.0.0] AndroidManifest.xml:20:5-44
MERGED from [com.android.support:cursoradapter:28.0.0] AndroidManifest.xml:20:5-44
MERGED from [com.android.support:cursoradapter:28.0.0] AndroidManifest.xml:20:5-44
MERGED from [android.arch.lifecycle:runtime:1.1.1] AndroidManifest.xml:20:5-44
MERGED from [android.arch.lifecycle:runtime:1.1.1] AndroidManifest.xml:20:5-44
MERGED from [com.android.support:documentfile:28.0.0] AndroidManifest.xml:20:5-44
MERGED from [com.android.support:documentfile:28.0.0] AndroidManifest.xml:20:5-44
MERGED from [com.android.support:localbroadcastmanager:28.0.0] AndroidManifest.xml:20:5-44
MERGED from [com.android.support:localbroadcastmanager:28.0.0] AndroidManifest.xml:20:5-44
MERGED from [com.android.support:print:28.0.0] AndroidManifest.xml:20:5-44
MERGED from [com.android.support:print:28.0.0] AndroidManifest.xml:20:5-44
MERGED from [android.arch.lifecycle:viewmodel:1.1.1] AndroidManifest.xml:20:5-44
MERGED from [android.arch.lifecycle:viewmodel:1.1.1] AndroidManifest.xml:20:5-44
MERGED from [android.arch.lifecycle:livedata:1.1.1] AndroidManifest.xml:20:5-44
MERGED from [android.arch.lifecycle:livedata:1.1.1] AndroidManifest.xml:20:5-44
MERGED from [android.arch.lifecycle:livedata-core:1.1.1] AndroidManifest.xml:20:5-44
MERGED from [android.arch.lifecycle:livedata-core:1.1.1] AndroidManifest.xml:20:5-44
MERGED from [android.arch.core:runtime:1.1.1] AndroidManifest.xml:20:5-44
MERGED from [android.arch.core:runtime:1.1.1] AndroidManifest.xml:20:5-44
MERGED from [com.android.support:interpolator:28.0.0] AndroidManifest.xml:20:5-44
MERGED from [com.android.support:interpolator:28.0.0] AndroidManifest.xml:20:5-44
MERGED from [com.facebook.fresco:imagepipeline-okhttp3:1.3.0] AndroidManifest.xml:5:5-7:41
MERGED from [com.facebook.fresco:imagepipeline-okhttp3:1.3.0] AndroidManifest.xml:5:5-7:41
MERGED from [com.facebook.fbui.textlayoutbuilder:textlayoutbuilder:1.0.0] AndroidManifest.xml:14:5-16:41
MERGED from [com.facebook.fbui.textlayoutbuilder:textlayoutbuilder:1.0.0] AndroidManifest.xml:14:5-16:41
MERGED from [com.facebook.fresco:fresco:1.3.0] AndroidManifest.xml:5:5-7:41
MERGED from [com.facebook.fresco:fresco:1.3.0] AndroidManifest.xml:5:5-7:41
MERGED from [com.facebook.soloader:soloader:0.1.0] AndroidManifest.xml:2:3-70
MERGED from [com.facebook.soloader:soloader:0.1.0] AndroidManifest.xml:2:3-70
MERGED from [com.facebook.fresco:drawee:1.3.0] AndroidManifest.xml:5:5-7:41
MERGED from [com.facebook.fresco:drawee:1.3.0] AndroidManifest.xml:5:5-7:41
MERGED from [com.facebook.fresco:imagepipeline:1.3.0] AndroidManifest.xml:5:5-7:41
MERGED from [com.facebook.fresco:imagepipeline:1.3.0] AndroidManifest.xml:5:5-7:41
MERGED from [com.facebook.fresco:imagepipeline-base:1.3.0] AndroidManifest.xml:5:5-7:41
MERGED from [com.facebook.fresco:imagepipeline-base:1.3.0] AndroidManifest.xml:5:5-7:41
MERGED from [com.facebook.fresco:fbcore:1.3.0] AndroidManifest.xml:5:5-7:41
MERGED from [com.facebook.fresco:fbcore:1.3.0] AndroidManifest.xml:5:5-7:41
INJECTED from src\main\AndroidManifest.xml
INJECTED from src\main\AndroidManifest.xml
	android:targetSdkVersion
		INJECTED from src\main\AndroidManifest.xml
		ADDED from src\main\AndroidManifest.xml
		INJECTED from src\main\AndroidManifest.xml
	android:minSdkVersion
		INJECTED from src\main\AndroidManifest.xml
		ADDED from src\main\AndroidManifest.xml
		INJECTED from src\main\AndroidManifest.xml
provider#com.imagepicker.FileProvider
ADDED from [:react-native-image-picker] AndroidManifest.xml:12:9-20:20
	android:grantUriPermissions
		ADDED from [:react-native-image-picker] AndroidManifest.xml:16:13-47
	android:authorities
		ADDED from [:react-native-image-picker] AndroidManifest.xml:14:13-60
	android:exported
		ADDED from [:react-native-image-picker] AndroidManifest.xml:15:13-37
	android:name
		ADDED from [:react-native-image-picker] AndroidManifest.xml:13:13-56
meta-data#android.support.FILE_PROVIDER_PATHS
ADDED from [:react-native-image-picker] AndroidManifest.xml:17:13-19:58
	android:resource
		ADDED from [:react-native-image-picker] AndroidManifest.xml:19:17-55
	android:name
		ADDED from [:react-native-image-picker] AndroidManifest.xml:18:17-67
uses-permission#android.permission.READ_PHONE_STATE
IMPLIED from src\main\AndroidManifest.xml:1:1-27:12 reason: org.webkit.android_jsc has a targetSdkVersion < 4
uses-permission#android.permission.READ_EXTERNAL_STORAGE
IMPLIED from src\main\AndroidManifest.xml:1:1-27:12 reason: org.webkit.android_jsc requested WRITE_EXTERNAL_STORAGE